Oct-05 01:05:00.874 [main] DEBUG nextflow.cli.Launcher - $> nextflow run 003_Hello_Nextflow_World.nf
Oct-05 01:05:01.082 [main] INFO  nextflow.cli.CmdRun - N E X T F L O W  ~  version 19.01.0
Oct-05 01:05:01.104 [main] INFO  nextflow.cli.CmdRun - Launching `003_Hello_Nextflow_World.nf` [zen_joliot] - revision: 4479d983a6
Oct-05 01:05:01.250 [main] DEBUG nextflow.Session - Session uuid: 53b3c48c-3832-4a3c-ac76-8463f53ac71a
Oct-05 01:05:01.250 [main] DEBUG nextflow.Session - Run name: zen_joliot
Oct-05 01:05:01.252 [main] DEBUG nextflow.Session - Executor pool size: 8
Oct-05 01:05:01.442 [main] DEBUG nextflow.cli.CmdRun - 
  Version: 19.01.0 build 5050
  Modified: 22-01-2019 11:19 UTC (06:19 EDT)
  System: Mac OS X 10.15.6
  Runtime: Groovy 2.5.5 on OpenJDK 64-Bit Server VM 10.0.2+13
  Encoding: UTF-8 (UTF-8)
  Process: 99188@Alfredos-MacBook-Pro.local [127.0.0.1]
  CPUs: 8 - Mem: 16 GB (789.9 MB) - Swap: 9 GB (732.2 MB)
Oct-05 01:05:01.466 [main] DEBUG nextflow.Session - Work-dir: /Users/homefolder/Documents/GitHub/NEXTFLOW_Training/work [Mac OS X]
Oct-05 01:05:01.466 [main] DEBUG nextflow.Session - Script base path does not exist or is not a directory: /Users/homefolder/Documents/GitHub/NEXTFLOW_Training/bin
Oct-05 01:05:01.685 [main] DEBUG nextflow.Session - Session start invoked
Oct-05 01:05:01.694 [main] DEBUG nextflow.processor.TaskDispatcher - Dispatcher > start
Oct-05 01:05:01.696 [main] DEBUG nextflow.script.ScriptRunner - > Script parsing
Oct-05 01:05:02.056 [main] DEBUG nextflow.script.ScriptRunner - > Launching execution
Oct-05 01:05:02.084 [main] DEBUG nextflow.script.ScriptRunner - > Await termination 
Oct-05 01:05:02.084 [main] DEBUG nextflow.Session - Session await
Oct-05 01:05:02.084 [main] DEBUG nextflow.Session - Session await > all process finished
Oct-05 01:05:02.084 [main] DEBUG nextflow.Session - Session await > all barriers passed
Oct-05 01:05:02.089 [main] DEBUG nextflow.trace.StatsObserver - Workflow completed > WorkflowStats[succeedCount=0; failedCount=0; ignoredCount=0; cachedCount=0; succeedDuration=0ms; failedDuration=0ms; cachedDuration=0ms]
Oct-05 01:05:02.119 [main] DEBUG nextflow.CacheDB - Closing CacheDB done
Oct-05 01:05:02.161 [main] DEBUG nextflow.script.ScriptRunner - > Execution complete -- Goodbye
